<?xml version="1.0" encoding="UTF-8"?>
<!-- Generated by org.testng.reporters.JUnitReportReporter -->
<testsuite skipped="0" hostname="TOSHIBA-PC" name="GitTest.GitTest" tests="1" failures="0" timestamp="13 Aug 2020 04:35:41 GMT" time="80.752" errors="0">
  <testcase name="logintest" time="80.752" classname="GitTest.GitTest"/>
</testsuite> <!-- GitTest.GitTest -->
